{
  "0 debug pnpm:scope": {
    "selected": 1
  },
  "1 debug pnpm:package-manifest": {
    "initial": {
      "name": "pg-pool-ui",
      "version": "0.0.0",
      "scripts": {
        "ng": "ng",
        "start": "ng serve -o --proxy-config proxy.conf.json",
        "build": "ng build",
        "watch": "ng build --watch --configuration development",
        "test": "ng test"
      },
      "private": true,
      "dependencies": {
        "@angular/animations": "~13.3.0",
        "@angular/cdk": "^13.3.1",
        "@angular/common": "~13.3.0",
        "@angular/compiler": "~13.3.0",
        "@angular/core": "~13.3.0",
        "@angular/forms": "~13.3.0",
        "@angular/platform-browser": "~13.3.0",
        "@angular/platform-browser-dynamic": "~13.3.0",
        "@angular/router": "~13.3.0",
        "chart.js": "^3.9.1",
        "primeflex": "^3.2.1",
        "primeicons": "^5.0.0",
        "primeng": "^13.4.1",
        "rxjs": "~7.5.0",
        "tslib": "^2.3.0",
        "xlsx": "^0.18.5",
        "zone.js": "~0.11.4"
      },
      "devDependencies": {
        "@angular-devkit/build-angular": "~13.3.5",
        "@angular/cli": "~13.3.5",
        "@angular/compiler-cli": "~13.3.0",
        "@types/jasmine": "~3.10.0",
        "@types/node": "^12.11.1",
        "jasmine-core": "~4.0.0",
        "karma": "~6.3.0",
        "karma-chrome-launcher": "~3.1.0",
        "karma-coverage": "~2.1.0",
        "karma-jasmine": "~4.0.0",
        "karma-jasmine-html-reporter": "~1.7.0",
        "typescript": "~4.6.2"
      }
    },
    "prefix": "D:\\Work File\\CDGS\\pg-pool-ui"
  },
  "2 debug pnpm:context": {
    "currentLockfileExists": false,
    "storeDir": "D:\\.pnpm-store\\v3",
    "virtualStoreDir": "D:\\Work File\\CDGS\\pg-pool-ui\\node_modules\\.pnpm"
  },
  "3 debug pnpm:stage": {
    "prefix": "D:\\Work File\\CDGS\\pg-pool-ui",
    "stage": "resolution_started"
  },
  "4 warn pnpm": {
    "message": "Moving @angular-devkit/build-angular that was installed by a different package manager to \"node_modules/.ignored",
    "prefix": "D:\\Work File\\CDGS\\pg-pool-ui"
  },
  "5 error pnpm": {
    "errno": -4048,
    "code": "EPERM",
    "syscall": "rename",
    "path": "D:\\Work File\\CDGS\\pg-pool-ui\\node_modules\\@angular-devkit\\build-angular",
    "dest": "D:\\Work File\\CDGS\\pg-pool-ui\\node_modules\\.ignored\\@angular-devkit\\build-angular",
    "err": {
      "name": "Error",
      "message": "EPERM: operation not permitted, rename 'D:\\Work File\\CDGS\\pg-pool-ui\\node_modules\\@angular-devkit\\build-angular' -> 'D:\\Work File\\CDGS\\pg-pool-ui\\node_modules\\.ignored\\@angular-devkit\\build-angular'",
      "code": "EPERM",
      "stack": "Error: EPERM: operation not permitted, rename 'D:\\Work File\\CDGS\\pg-pool-ui\\node_modules\\@angular-devkit\\build-angular' -> 'D:\\Work File\\CDGS\\pg-pool-ui\\node_modules\\.ignored\\@angular-devkit\\build-angular'"
    }
  }
}